Using pre-set license
Built from '2022.1/staging' branch; Version is '2022.1.16f1 (7321c9670bc2) revision 7545289'; Using compiler version '192829333'; Build Type 'Release'
OS: 'Windows 10  (10.0.19045) 64bit Education' Language: 'en' Physical Memory: 16319 MB
BatchMode: 1, IsHumanControllingUs: 0, StartBugReporterOnCrash: 0, Is64bit: 1, IsPro: 1

COMMAND LINE ARGUMENTS:
C:\Program Files\Unity\Hub\Editor\2022.1.16f1\Editor\Unity.exe
-adb2
-batchMode
-noUpm
-name
AssetImportWorker0
-projectPath
C:/Users/539993/OneDrive - eastsussexcollegegroup/Unity/Games/Christmas_GameJam_2023
-logFile
Logs/AssetImportWorker0.log
-srvPort
63593
Successfully changed project path to: C:/Users/539993/OneDrive - eastsussexcollegegroup/Unity/Games/Christmas_GameJam_2023
C:/Users/539993/OneDrive - eastsussexcollegegroup/Unity/Games/Christmas_GameJam_2023
[UnityMemory] Configuration Parameters - Can be set up in boot.config
    "memorysetup-bucket-allocator-granularity=16"
    "memorysetup-bucket-allocator-bucket-count=8"
    "memorysetup-bucket-allocator-block-size=33554432"
    "memorysetup-bucket-allocator-block-count=8"
    "memorysetup-main-allocator-block-size=16777216"
    "memorysetup-thread-allocator-block-size=16777216"
    "memorysetup-gfx-main-allocator-block-size=16777216"
    "memorysetup-gfx-thread-allocator-block-size=16777216"
    "memorysetup-cache-allocator-block-size=4194304"
    "memorysetup-typetree-allocator-block-size=2097152"
    "memorysetup-profiler-bucket-allocator-granularity=16"
    "memorysetup-profiler-bucket-allocator-bucket-count=8"
    "memorysetup-profiler-bucket-allocator-block-size=33554432"
    "memorysetup-profiler-bucket-allocator-block-count=8"
    "memorysetup-profiler-allocator-block-size=16777216"
    "memorysetup-profiler-editor-allocator-block-size=1048576"
    "memorysetup-temp-allocator-size-main=16777216"
    "memorysetup-job-temp-allocator-block-size=2097152"
    "memorysetup-job-temp-allocator-block-size-background=1048576"
    "memorysetup-job-temp-allocator-reduction-small-platforms=262144"
    "memorysetup-temp-allocator-size-background-worker=32768"
    "memorysetup-temp-allocator-size-job-worker=262144"
    "memorysetup-temp-allocator-size-preload-manager=33554432"
    "memorysetup-temp-allocator-size-nav-mesh-worker=65536"
    "memorysetup-temp-allocator-size-audio-worker=65536"
    "memorysetup-temp-allocator-size-cloud-worker=32768"
    "memorysetup-temp-allocator-size-gi-baking-worker=262144"
    "memorysetup-temp-allocator-size-gfx=262144"
Refreshing native plugins compatible for Editor in 281.63 ms, found 3 plugins.
Preloading 0 native plugins for Editor in 0.00 ms.
Initialize engine version: 2022.1.16f1 (7321c9670bc2)
[Subsystems] Discovering subsystems at path C:/Program Files/Unity/Hub/Editor/2022.1.16f1/Editor/Data/Resources/UnitySubsystems
[Subsystems] Discovering subsystems at path C:/Users/539993/OneDrive - eastsussexcollegegroup/Unity/Games/Christmas_GameJam_2023/Assets
GfxDevice: creating device client; threaded=0; jobified=0
Direct3D:
    Version:  Direct3D 11.0 [level 11.1]
    Renderer: NVIDIA GeForce GTX 1650 (ID=0x1f82)
    Vendor:   NVIDIA
    VRAM:     3949 MB
    Driver:   31.0.15.3623
Initialize mono
Mono path[0] = 'C:/Program Files/Unity/Hub/Editor/2022.1.16f1/Editor/Data/Managed'
Mono path[1] = 'C:/Program Files/Unity/Hub/Editor/2022.1.16f1/Editor/Data/MonoBleedingEdge/lib/mono/unityjit-win32'
Mono config path = 'C:/Program Files/Unity/Hub/Editor/2022.1.16f1/Editor/Data/MonoBleedingEdge/etc'
Using monoOptions --debugger-agent=transport=dt_socket,embedding=1,server=y,suspend=n,address=127.0.0.1:56976
Begin MonoManager ReloadAssembly
Registering precompiled unity dll's ...
Register platform support module: C:/Program Files/Unity/Hub/Editor/2022.1.16f1/Editor/Data/PlaybackEngines/WebGLSupport/UnityEditor.WebGL.Extensions.dll
Register platform support module: C:/Program Files/Unity/Hub/Editor/2022.1.16f1/Editor/Data/PlaybackEngines/MacStandaloneSupport/UnityEditor.OSXStandalone.Extensions.dll
Register platform support module: C:/Program Files/Unity/Hub/Editor/2022.1.16f1/Editor/Data/PlaybackEngines/AndroidPlayer/UnityEditor.Android.Extensions.dll
Register platform support module: C:/Program Files/Unity/Hub/Editor/2022.1.16f1/Editor/Data/PlaybackEngines/iOSSupport/UnityEditor.iOS.Extensions.dll
Register platform support module: C:/Program Files/Unity/Hub/Editor/2022.1.16f1/Editor/Data/PlaybackEngines/AppleTVSupport/UnityEditor.AppleTV.Extensions.dll
Register platform support module: C:/Program Files/Unity/Hub/Editor/2022.1.16f1/Editor/Data/PlaybackEngines/WindowsStandaloneSupport/UnityEditor.WindowsStandalone.Extensions.dll
Register platform support module: C:/Program Files/Unity/Hub/Editor/2022.1.16f1/Editor/Data/PlaybackEngines/LinuxStandaloneSupport/UnityEditor.LinuxStandalone.Extensions.dll
Register platform support module: C:/Program Files/Unity/Hub/Editor/2022.1.16f1/Editor/Data/PlaybackEngines/MetroSupport/UnityEditor.UWP.Extensions.dll
Registered in 0.041859 seconds.
Native extension for UWP target not found
Native extension for LinuxStandalone target not found
Native extension for WindowsStandalone target not found
[usbmuxd] Start listen thread
[usbmuxd] Listen thread started
Native extension for AppleTV target not found
[usbmuxd] Start listen thread
[usbmuxd] Listen thread started
Native extension for iOS target not found
Native extension for Android target not found
Native extension for OSXStandalone target not found
Native extension for WebGL target not found
Refreshing native plugins compatible for Editor in 193.50 ms, found 3 plugins.
Preloading 0 native plugins for Editor in 0.00 ms.
Mono: successfully reloaded assembly
- Completed reload, in  1.772 seconds
Domain Reload Profiling:
	ReloadAssembly (1773ms)
		BeginReloadAssembly (235ms)
			ExecutionOrderSort (0ms)
			DisableScriptedObjects (0ms)
			BackupInstance (0ms)
			ReleaseScriptingObjects (0ms)
			CreateAndSetChildDomain (1ms)
		EndReloadAssembly (1238ms)
			LoadAssemblies (238ms)
			RebuildTransferFunctionScriptingTraits (0ms)
			SetupTypeCache (256ms)
				TypeCache.Initialize (255ms)
					TypeCache.ScanAssembly (252ms)
				ResolveRequiredComponents (1ms)
			ReleaseScriptCaches (0ms)
			RebuildScriptCaches (75ms)
			SetupLoadedEditorAssemblies (758ms)
				LogAssemblyErrors (0ms)
				InitializePlatformSupportModulesInManaged (199ms)
				SetLoadedEditorAssemblies (9ms)
				RefreshPlugins (194ms)
				BeforeProcessingInitializeOnLoad (2ms)
				ProcessInitializeOnLoadAttributes (234ms)
				ProcessInitializeOnLoadMethodAttributes (119ms)
				AfterProcessingInitializeOnLoad (0ms)
				EditorAssembliesLoaded (0ms)
			ExecutionOrderSort2 (0ms)
			AwakeInstancesAfterBackupRestoration (0ms)
Platform modules already initialized, skipping
Registering precompiled user dll's ...
Registered in 0.040747 seconds.
Begin MonoManager ReloadAssembly
Symbol file LoadedFromMemory doesn't match image C:\Users\539993\OneDrive - eastsussexcollegegroup\Unity\Games\Christmas_GameJam_2023\Library\PackageCache\com.unity.visualscripting@1.7.8\Editor\VisualScripting.Core\Dependencies\YamlDotNet\Unity.VisualScripting.YamlDotNet.dll
Symbol file LoadedFromMemory doesn't match image C:\Users\539993\OneDrive - eastsussexcollegegroup\Unity\Games\Christmas_GameJam_2023\Library\PackageCache\com.unity.visualscripting@1.7.8\Editor\VisualScripting.Core\Dependencies\DotNetZip\Unity.VisualScripting.IonicZip.dll
Native extension for UWP target not found
Native extension for LinuxStandalone target not found
Native extension for WindowsStandalone target not found
Native extension for AppleTV target not found
Native extension for iOS target not found
Native extension for Android target not found
Native extension for OSXStandalone target not found
Native extension for WebGL target not found
Refreshing native plugins compatible for Editor in 171.34 ms, found 3 plugins.
Preloading 0 native plugins for Editor in 0.00 ms.
Mono: successfully reloaded assembly
- Completed reload, in  2.587 seconds
Domain Reload Profiling:
	ReloadAssembly (2589ms)
		BeginReloadAssembly (229ms)
			ExecutionOrderSort (0ms)
			DisableScriptedObjects (10ms)
			BackupInstance (0ms)
			ReleaseScriptingObjects (0ms)
			CreateAndSetChildDomain (34ms)
		EndReloadAssembly (2126ms)
			LoadAssemblies (198ms)
			RebuildTransferFunctionScriptingTraits (0ms)
			SetupTypeCache (554ms)
				TypeCache.Initialize (524ms)
					TypeCache.ScanAssembly (516ms)
				ResolveRequiredComponents (29ms)
			ReleaseScriptCaches (1ms)
			RebuildScriptCaches (127ms)
			SetupLoadedEditorAssemblies (1148ms)
				LogAssemblyErrors (0ms)
				InitializePlatformSupportModulesInManaged (68ms)
				SetLoadedEditorAssemblies (10ms)
				RefreshPlugins (171ms)
				BeforeProcessingInitializeOnLoad (188ms)
				ProcessInitializeOnLoadAttributes (537ms)
				ProcessInitializeOnLoadMethodAttributes (150ms)
				AfterProcessingInitializeOnLoad (24ms)
				EditorAssembliesLoaded (0ms)
			ExecutionOrderSort2 (0ms)
			AwakeInstancesAfterBackupRestoration (9ms)
Platform modules already initialized, skipping
========================================================================
Worker process is ready to serve import requests
Launched and connected shader compiler UnityShaderCompiler.exe after 0.10 seconds
Refreshing native plugins compatible for Editor in 1.68 ms, found 3 plugins.
Preloading 0 native plugins for Editor in 0.00 ms.
Unloading 5569 Unused Serialized files (Serialized files now loaded: 0)
Unloading 44 unused Assets / (354.6 KB). Loaded Objects now: 6152.
Memory consumption went from 0.86 GB to 0.86 GB.
Total: 9.518000 ms (FindLiveObjects: 0.598500 ms CreateObjectMapping: 0.919300 ms MarkObjects: 7.190900 ms  DeleteObjects: 0.807200 ms)

AssetImportParameters requested are different than current active one (requested -> active):
  custom:video-decoder-ogg-theora: a1e56fd34408186e4bbccfd4996cb3dc -> 
  custom:container-muxer-webm: aa71ff27fc2769a1b78a27578f13a17b -> 
  custom:container-demuxer-webm: 4f35f7cbe854078d1ac9338744f61a02 -> 
  custom:video-encoder-webm-vp8: eb34c28f22e8b96e1ab97ce403110664 -> 
  custom:audio-encoder-webm-vorbis: bf7c407c2cedff20999df2af8eb42d56 -> 
  custom:framework-win-MediaFoundation: 216162199b28c13a410421893ffa2e32 -> 
  custom:container-demuxer-ogg: 62fdf1f143b41e24485cea50d1cbac27 -> 
  custom:video-decoder-webm-vp8: 9c59270c3fd7afecdb556c50c9e8de78 -> 
  custom:audio-decoder-ogg-vorbis: bf7c407c2cedff20999df2af8eb42d56 -> 
========================================================================
Received Import Request.
  Time since last request: 2076952.997883 seconds.
  path: Assets/Scenes/Oscar's Awesome SampleScene.unity
  artifactKey: Guid(5153332a64b45144fac77cc547684cde) Importer(815301076,1909f56bfc062723c751e8b465ee728b)
Start importing Assets/Scenes/Oscar's Awesome SampleScene.unity using Guid(5153332a64b45144fac77cc547684cde) Importer(815301076,1909f56bfc062723c751e8b465ee728b)  -> (artifact id: '5721319c7114415fdf8a70c90656fa3c') in 0.043826 seconds 
========================================================================
Received Import Request.
  Time since last request: 0.000041 seconds.
  path: Assets/Scripts/Physics.physicMaterial
  artifactKey: Guid(f7ed4be069d4271418dba6a9a3b15c15) Importer(815301076,1909f56bfc062723c751e8b465ee728b)
Start importing Assets/Scripts/Physics.physicMaterial using Guid(f7ed4be069d4271418dba6a9a3b15c15) Importer(815301076,1909f56bfc062723c751e8b465ee728b)  -> (artifact id: '909c02872b1918ccb0f25aa6eb523d3d') in 0.120921 seconds 
========================================================================
Received Import Request.
  Time since last request: 15.987783 seconds.
  path: Assets/Better-Fog
  artifactKey: Guid(d3487870685acfc42864b383f9ac48cf) Importer(815301076,1909f56bfc062723c751e8b465ee728b)
Start importing Assets/Better-Fog using Guid(d3487870685acfc42864b383f9ac48cf) Importer(815301076,1909f56bfc062723c751e8b465ee728b)  -> (artifact id: '75da6bd69fa86972479451a74a1a654f') in 0.016994 seconds 
========================================================================
Received Prepare
Registering precompiled user dll's ...
Registered in 0.042401 seconds.
Begin MonoManager ReloadAssembly
Symbol file LoadedFromMemory doesn't match image C:\Users\539993\OneDrive - eastsussexcollegegroup\Unity\Games\Christmas_GameJam_2023\Library\PackageCache\com.unity.visualscripting@1.7.8\Editor\VisualScripting.Core\Dependencies\YamlDotNet\Unity.VisualScripting.YamlDotNet.dll
Symbol file LoadedFromMemory doesn't match image C:\Users\539993\OneDrive - eastsussexcollegegroup\Unity\Games\Christmas_GameJam_2023\Library\PackageCache\com.unity.visualscripting@1.7.8\Editor\VisualScripting.Core\Dependencies\DotNetZip\Unity.VisualScripting.IonicZip.dll
Native extension for UWP target not found
Native extension for LinuxStandalone target not found
Native extension for WindowsStandalone target not found
Native extension for AppleTV target not found
Native extension for iOS target not found
Native extension for Android target not found
Native extension for OSXStandalone target not found
Native extension for WebGL target not found
Refreshing native plugins compatible for Editor in 1.00 ms, found 3 plugins.
Preloading 0 native plugins for Editor in 0.00 ms.
Mono: successfully reloaded assembly
- Completed reload, in  2.311 seconds
Domain Reload Profiling:
	ReloadAssembly (2311ms)
		BeginReloadAssembly (195ms)
			ExecutionOrderSort (0ms)
			DisableScriptedObjects (6ms)
			BackupInstance (0ms)
			ReleaseScriptingObjects (0ms)
			CreateAndSetChildDomain (54ms)
		EndReloadAssembly (1841ms)
			LoadAssemblies (145ms)
			RebuildTransferFunctionScriptingTraits (0ms)
			SetupTypeCache (878ms)
				TypeCache.Initialize (863ms)
					TypeCache.ScanAssembly (854ms)
				ResolveRequiredComponents (14ms)
			ReleaseScriptCaches (2ms)
			RebuildScriptCaches (59ms)
			SetupLoadedEditorAssemblies (649ms)
				LogAssemblyErrors (0ms)
				InitializePlatformSupportModulesInManaged (61ms)
				SetLoadedEditorAssemblies (7ms)
				RefreshPlugins (1ms)
				BeforeProcessingInitializeOnLoad (107ms)
				ProcessInitializeOnLoadAttributes (350ms)
				ProcessInitializeOnLoadMethodAttributes (104ms)
				AfterProcessingInitializeOnLoad (19ms)
				EditorAssembliesLoaded (0ms)
			ExecutionOrderSort2 (0ms)
			AwakeInstancesAfterBackupRestoration (25ms)
Platform modules already initialized, skipping
Refreshing native plugins compatible for Editor in 4.99 ms, found 3 plugins.
Preloading 0 native plugins for Editor in 0.00 ms.
Unloading 5428 Unused Serialized files (Serialized files now loaded: 0)
Unloading 37 unused Assets / (0.7 MB). Loaded Objects now: 6158.
Memory consumption went from 0.84 GB to 0.84 GB.
Total: 9.910700 ms (FindLiveObjects: 0.432500 ms CreateObjectMapping: 0.443600 ms MarkObjects: 8.630000 ms  DeleteObjects: 0.403000 ms)

AssetImportParameters requested are different than current active one (requested -> active):
  custom:video-decoder-ogg-theora: a1e56fd34408186e4bbccfd4996cb3dc -> 
  custom:container-muxer-webm: aa71ff27fc2769a1b78a27578f13a17b -> 
  custom:container-demuxer-webm: 4f35f7cbe854078d1ac9338744f61a02 -> 
  custom:video-encoder-webm-vp8: eb34c28f22e8b96e1ab97ce403110664 -> 
  custom:audio-encoder-webm-vorbis: bf7c407c2cedff20999df2af8eb42d56 -> 
  custom:framework-win-MediaFoundation: 216162199b28c13a410421893ffa2e32 -> 
  custom:container-demuxer-ogg: 62fdf1f143b41e24485cea50d1cbac27 -> 
  custom:video-decoder-webm-vp8: 9c59270c3fd7afecdb556c50c9e8de78 -> 
  custom:audio-decoder-ogg-vorbis: bf7c407c2cedff20999df2af8eb42d56 -> 
========================================================================
Received Import Request.
  Time since last request: 764.567062 seconds.
  path: Assets/Zololgo/OrbitZoomPanCamera/OrbitZoomPanCamera.prefab
  artifactKey: Guid(1b37c56e651da7148a6195b43ee105fe) Importer(815301076,1909f56bfc062723c751e8b465ee728b)
Start importing Assets/Zololgo/OrbitZoomPanCamera/OrbitZoomPanCamera.prefab using Guid(1b37c56e651da7148a6195b43ee105fe) Importer(815301076,1909f56bfc062723c751e8b465ee728b)  -> (artifact id: 'b5e74bd97aaead40d2c060bd8a112fab') in 0.063525 seconds 
========================================================================
Received Import Request.
  Time since last request: 0.000028 seconds.
  path: Assets/Zololgo
  artifactKey: Guid(96fbba5cc9c8f204881e0ea526f2530e) Importer(815301076,1909f56bfc062723c751e8b465ee728b)
Start importing Assets/Zololgo using Guid(96fbba5cc9c8f204881e0ea526f2530e) Importer(815301076,1909f56bfc062723c751e8b465ee728b)  -> (artifact id: 'b91b4fc69df1085b56eccef46312e244') in 0.016574 seconds 
========================================================================
Received Import Request.
  Time since last request: 0.000041 seconds.
  path: Assets/Zololgo/OrbitZoomPanCamera/Scripts
  artifactKey: Guid(3069c331de63e48458ae922a8cc2ade4) Importer(815301076,1909f56bfc062723c751e8b465ee728b)
Start importing Assets/Zololgo/OrbitZoomPanCamera/Scripts using Guid(3069c331de63e48458ae922a8cc2ade4) Importer(815301076,1909f56bfc062723c751e8b465ee728b)  -> (artifact id: 'ac381cd2aea8b178f156fc7b66576dd6') in 0.015960 seconds 
========================================================================
Received Import Request.
  Time since last request: 15.047601 seconds.
  path: Assets/Zololgo/PaperLands Winter Village/Materials
  artifactKey: Guid(5dc3accd820347d419c6fea67cb3c3e2) Importer(815301076,1909f56bfc062723c751e8b465ee728b)
Start importing Assets/Zololgo/PaperLands Winter Village/Materials using Guid(5dc3accd820347d419c6fea67cb3c3e2) Importer(815301076,1909f56bfc062723c751e8b465ee728b)  -> (artifact id: 'e9cf9e0789954e14313cdc0d06149d09') in 0.023754 seconds 
========================================================================
Received Import Request.
  Time since last request: 0.032403 seconds.
  path: Assets/Zololgo/PaperLands Winter Village/Materials/chimney_smoke.mat
  artifactKey: Guid(79efea2b0de32654caea54bbf811201a) Importer(815301076,1909f56bfc062723c751e8b465ee728b)
Start importing Assets/Zololgo/PaperLands Winter Village/Materials/chimney_smoke.mat using Guid(79efea2b0de32654caea54bbf811201a) Importer(815301076,1909f56bfc062723c751e8b465ee728b)  -> (artifact id: 'e9a5c3e2cf24f4d88fa398594ccb3a74') in 0.571891 seconds 
========================================================================
Received Import Request.
  Time since last request: 0.000040 seconds.
  path: Assets/Zololgo/PaperLands Winter Village/Materials/sky-night.mat
  artifactKey: Guid(502cdeb90ed0c884a94fa20d171b1c46) Importer(815301076,1909f56bfc062723c751e8b465ee728b)
Start importing Assets/Zololgo/PaperLands Winter Village/Materials/sky-night.mat using Guid(502cdeb90ed0c884a94fa20d171b1c46) Importer(815301076,1909f56bfc062723c751e8b465ee728b)  -> (artifact id: 'bac3aada4a15291d086ecf4362d20dbf') in 0.094676 seconds 
========================================================================
Received Import Request.
  Time since last request: 3.308841 seconds.
  path: Assets/Zololgo/PaperLands Winter Village/Textures
  artifactKey: Guid(3e5baea7319a7e4418862fd405f95a67) Importer(815301076,1909f56bfc062723c751e8b465ee728b)
Start importing Assets/Zololgo/PaperLands Winter Village/Textures using Guid(3e5baea7319a7e4418862fd405f95a67) Importer(815301076,1909f56bfc062723c751e8b465ee728b)  -> (artifact id: '927e61649e4f2eea5b3021bbfd67ae62') in 0.027878 seconds 
========================================================================
Received Import Request.
  Time since last request: 0.017402 seconds.
  path: Assets/Zololgo/PaperLands Winter Village/Textures/nightsky.png
  artifactKey: Guid(e3c2569f43c6ba54cab4e07c667e341f) Importer(815301076,1909f56bfc062723c751e8b465ee728b)
Start importing Assets/Zololgo/PaperLands Winter Village/Textures/nightsky.png using Guid(e3c2569f43c6ba54cab4e07c667e341f) Importer(815301076,1909f56bfc062723c751e8b465ee728b)  -> (artifact id: 'bae5ae7bc519943a27cf77b27b6b3440') in 0.234104 seconds 
========================================================================
Received Import Request.
  Time since last request: 2.817768 seconds.
  path: Assets/Zololgo/PaperLands Winter Village/Models
  artifactKey: Guid(bf6156af3a0f99248b9adeaf2ca8ad85) Importer(815301076,1909f56bfc062723c751e8b465ee728b)
Start importing Assets/Zololgo/PaperLands Winter Village/Models using Guid(bf6156af3a0f99248b9adeaf2ca8ad85) Importer(815301076,1909f56bfc062723c751e8b465ee728b)  -> (artifact id: 'a663cfd43433f49552d4368e530f23fb') in 0.018014 seconds 
========================================================================
Received Import Request.
  Time since last request: 0.046538 seconds.
  path: Assets/Zololgo/PaperLands Winter Village/Models/church.dae
  artifactKey: Guid(5b9b823905acc424ead396d4d40c4c6b) Importer(815301076,1909f56bfc062723c751e8b465ee728b)
Start importing Assets/Zololgo/PaperLands Winter Village/Models/church.dae using Guid(5b9b823905acc424ead396d4d40c4c6b) Importer(815301076,1909f56bfc062723c751e8b465ee728b)  -> (artifact id: 'fb59333fd8ff8a06ff068c3d085588f7') in 0.569212 seconds 
========================================================================
Received Import Request.
  Time since last request: 0.000036 seconds.
  path: Assets/Zololgo/PaperLands Winter Village/Models/rock_small_01.dae
  artifactKey: Guid(d5856ce13fb4a2746a39e12d6a63bb15) Importer(815301076,1909f56bfc062723c751e8b465ee728b)
Start importing Assets/Zololgo/PaperLands Winter Village/Models/rock_small_01.dae using Guid(d5856ce13fb4a2746a39e12d6a63bb15) Importer(815301076,1909f56bfc062723c751e8b465ee728b)  -> (artifact id: 'dd21eaea76e8a45894e49ae02bd40810') in 0.052235 seconds 
========================================================================
Received Import Request.
  Time since last request: 0.000038 seconds.
  path: Assets/Zololgo/PaperLands Winter Village/Models/ground_01.dae
  artifactKey: Guid(b53b351f2ca4151439052260103be5d6) Importer(815301076,1909f56bfc062723c751e8b465ee728b)
Start importing Assets/Zololgo/PaperLands Winter Village/Models/ground_01.dae using Guid(b53b351f2ca4151439052260103be5d6) Importer(815301076,1909f56bfc062723c751e8b465ee728b)  -> (artifact id: '2c267db7827b97fc498cd8edd0356b84') in 0.050052 seconds 
========================================================================
Received Import Request.
  Time since last request: 0.000049 seconds.
  path: Assets/Zololgo/PaperLands Winter Village/Models/pine_tall_decorated_01.dae
  artifactKey: Guid(35ccfa658b0a3b347a2ea1007413b1e3) Importer(815301076,1909f56bfc062723c751e8b465ee728b)
Start importing Assets/Zololgo/PaperLands Winter Village/Models/pine_tall_decorated_01.dae using Guid(35ccfa658b0a3b347a2ea1007413b1e3) Importer(815301076,1909f56bfc062723c751e8b465ee728b)  -> (artifact id: '14b0a488f3da7f779769035d3706ad3a') in 0.082990 seconds 
========================================================================
Received Import Request.
  Time since last request: 0.000034 seconds.
  path: Assets/Zololgo/PaperLands Winter Village/Models/fence_snowy_01.dae
  artifactKey: Guid(95c8990e4071d1f4ba17b9895d9383c5) Importer(815301076,1909f56bfc062723c751e8b465ee728b)
Start importing Assets/Zololgo/PaperLands Winter Village/Models/fence_snowy_01.dae using Guid(95c8990e4071d1f4ba17b9895d9383c5) Importer(815301076,1909f56bfc062723c751e8b465ee728b)  -> (artifact id: 'd204f6db371589ac0856cf6cead11a69') in 0.050013 seconds 
========================================================================
Received Import Request.
  Time since last request: 0.000049 seconds.
  path: Assets/Zololgo/PaperLands Winter Village/Models/cliff_02.dae
  artifactKey: Guid(94ce25a6df8d1084ebc3309332d68464) Importer(815301076,1909f56bfc062723c751e8b465ee728b)
Start importing Assets/Zololgo/PaperLands Winter Village/Models/cliff_02.dae using Guid(94ce25a6df8d1084ebc3309332d68464) Importer(815301076,1909f56bfc062723c751e8b465ee728b)  -> (artifact id: '0c26ca3f1c70aca787e112f66e228f5a') in 0.052764 seconds 
========================================================================
Received Import Request.
  Time since last request: 0.000043 seconds.
  path: Assets/Zololgo/PaperLands Winter Village/Models/pine_small_snowy_01.dae
  artifactKey: Guid(5ac02dd5ec694f449879b22c9d392202) Importer(815301076,1909f56bfc062723c751e8b465ee728b)
Start importing Assets/Zololgo/PaperLands Winter Village/Models/pine_small_snowy_01.dae using Guid(5ac02dd5ec694f449879b22c9d392202) Importer(815301076,1909f56bfc062723c751e8b465ee728b)  -> (artifact id: '24b35ab6d50f492da477d64f5e81c542') in 0.054597 seconds 
========================================================================
Received Import Request.
  Time since last request: 0.000039 seconds.
  path: Assets/Zololgo/PaperLands Winter Village/Models/house_long_01.dae
  artifactKey: Guid(fa47e779f2065a14caf8d28385e3edef) Importer(815301076,1909f56bfc062723c751e8b465ee728b)
Start importing Assets/Zololgo/PaperLands Winter Village/Models/house_long_01.dae using Guid(fa47e779f2065a14caf8d28385e3edef) Importer(815301076,1909f56bfc062723c751e8b465ee728b)  -> (artifact id: 'ec598af4d67534827003f90b4101aa4b') in 0.081841 seconds 
========================================================================
Received Import Request.
  Time since last request: 0.000042 seconds.
  path: Assets/Zololgo/PaperLands Winter Village/Models/cliff_03.dae
  artifactKey: Guid(5fe26b933e0481341bda9dc2a7e77ae3) Importer(815301076,1909f56bfc062723c751e8b465ee728b)
Start importing Assets/Zololgo/PaperLands Winter Village/Models/cliff_03.dae using Guid(5fe26b933e0481341bda9dc2a7e77ae3) Importer(815301076,1909f56bfc062723c751e8b465ee728b)  -> (artifact id: '5a4405be95a1eed77f4bc8829c1a38dd') in 0.063574 seconds 
========================================================================
Received Import Request.
  Time since last request: 0.000035 seconds.
  path: Assets/Zololgo/PaperLands Winter Village/Models/house_simple_04.dae
  artifactKey: Guid(994254d7968039547bceffa12d2880c1) Importer(815301076,1909f56bfc062723c751e8b465ee728b)
Start importing Assets/Zololgo/PaperLands Winter Village/Models/house_simple_04.dae using Guid(994254d7968039547bceffa12d2880c1) Importer(815301076,1909f56bfc062723c751e8b465ee728b)  -> (artifact id: '74aeda7b60a54a8ea6053b3a1a08c0e1') in 0.075306 seconds 
========================================================================
Received Import Request.
  Time since last request: 0.000051 seconds.
  path: Assets/Zololgo/PaperLands Winter Village/Models/stars.dae
  artifactKey: Guid(e90652065ff84fc4a80bdea91c76719f) Importer(815301076,1909f56bfc062723c751e8b465ee728b)
Start importing Assets/Zololgo/PaperLands Winter Village/Models/stars.dae using Guid(e90652065ff84fc4a80bdea91c76719f) Importer(815301076,1909f56bfc062723c751e8b465ee728b)  -> (artifact id: '5e8358528d80dde4742c97dfb0617d18') in 0.050431 seconds 
========================================================================
Received Import Request.
  Time since last request: 0.000036 seconds.
  path: Assets/Zololgo/PaperLands Winter Village/Models/rock_group_small_03.dae
  artifactKey: Guid(c4cb5de65d58f514a8bc92aec9db558d) Importer(815301076,1909f56bfc062723c751e8b465ee728b)
Start importing Assets/Zololgo/PaperLands Winter Village/Models/rock_group_small_03.dae using Guid(c4cb5de65d58f514a8bc92aec9db558d) Importer(815301076,1909f56bfc062723c751e8b465ee728b)  -> (artifact id: 'b01a347f48fbaafecb66b35b4dbbe4be') in 0.057720 seconds 
========================================================================
Received Import Request.
  Time since last request: 0.000046 seconds.
  path: Assets/Zololgo/PaperLands Winter Village/Models/pine_medium_snowy_01.dae
  artifactKey: Guid(164dbf1daddbf004faa630958438df37) Importer(815301076,1909f56bfc062723c751e8b465ee728b)
Start importing Assets/Zololgo/PaperLands Winter Village/Models/pine_medium_snowy_01.dae using Guid(164dbf1daddbf004faa630958438df37) Importer(815301076,1909f56bfc062723c751e8b465ee728b)  -> (artifact id: 'abf0235c7b0229b4f54c960ec46f2c77') in 0.059719 seconds 
========================================================================
Received Import Request.
  Time since last request: 0.000042 seconds.
  path: Assets/Zololgo/PaperLands Winter Village/Models/fence_snowy_03.dae
  artifactKey: Guid(aca373021175c234f80755b83f225c50) Importer(815301076,1909f56bfc062723c751e8b465ee728b)
Start importing Assets/Zololgo/PaperLands Winter Village/Models/fence_snowy_03.dae using Guid(aca373021175c234f80755b83f225c50) Importer(815301076,1909f56bfc062723c751e8b465ee728b)  -> (artifact id: '9ad848dae91698773fef79f718e4a1f1') in 0.052856 seconds 
========================================================================
Received Import Request.
  Time since last request: 0.000070 seconds.
  path: Assets/Zololgo/PaperLands Winter Village/Models/pine_tall_snowy_01.dae
  artifactKey: Guid(86dc0687e554bc74dac42727eee9e33a) Importer(815301076,1909f56bfc062723c751e8b465ee728b)
Start importing Assets/Zololgo/PaperLands Winter Village/Models/pine_tall_snowy_01.dae using Guid(86dc0687e554bc74dac42727eee9e33a) Importer(815301076,1909f56bfc062723c751e8b465ee728b)  -> (artifact id: '8fe90998394b99a77c44bfaf38577303') in 0.063984 seconds 
========================================================================
Received Import Request.
  Time since last request: 0.000032 seconds.
  path: Assets/Zololgo/PaperLands Winter Village/Models/snow_pile_01.dae
  artifactKey: Guid(2b9c370f9498dbb48bcf1b1110703f26) Importer(815301076,1909f56bfc062723c751e8b465ee728b)
Start importing Assets/Zololgo/PaperLands Winter Village/Models/snow_pile_01.dae using Guid(2b9c370f9498dbb48bcf1b1110703f26) Importer(815301076,1909f56bfc062723c751e8b465ee728b)  -> (artifact id: '862f6563b0344dcaa80e30151eb68066') in 0.055851 seconds 
========================================================================
Received Import Request.
  Time since last request: 0.000039 seconds.
  path: Assets/Zololgo/PaperLands Winter Village/Models/streetlamp_02.dae
  artifactKey: Guid(0c9fe424fedd4dd47ad2a24feeab4438) Importer(815301076,1909f56bfc062723c751e8b465ee728b)
Start importing Assets/Zololgo/PaperLands Winter Village/Models/streetlamp_02.dae using Guid(0c9fe424fedd4dd47ad2a24feeab4438) Importer(815301076,1909f56bfc062723c751e8b465ee728b)  -> (artifact id: 'f5e219b9399e25162c72d1f5427f37c5') in 0.080431 seconds 
========================================================================
Received Import Request.
  Time since last request: 0.000042 seconds.
  path: Assets/Zololgo/PaperLands Winter Village/Models/rock_group_small_01.dae
  artifactKey: Guid(62a16b7fded7ec0418b5b10108a545f2) Importer(815301076,1909f56bfc062723c751e8b465ee728b)
Start importing Assets/Zololgo/PaperLands Winter Village/Models/rock_group_small_01.dae using Guid(62a16b7fded7ec0418b5b10108a545f2) Importer(815301076,1909f56bfc062723c751e8b465ee728b)  -> (artifact id: 'e853e6f7afbe893e0d512800e6f099a9') in 0.073452 seconds 
========================================================================
Received Import Request.
  Time since last request: 0.000062 seconds.
  path: Assets/Zololgo/PaperLands Winter Village/Models/rock_medium_02.dae
  artifactKey: Guid(4e85afcf981c63044907675f59a9edc5) Importer(815301076,1909f56bfc062723c751e8b465ee728b)
Start importing Assets/Zololgo/PaperLands Winter Village/Models/rock_medium_02.dae using Guid(4e85afcf981c63044907675f59a9edc5) Importer(815301076,1909f56bfc062723c751e8b465ee728b)  -> (artifact id: '65112117d95e1c6268c0b76d624fe86d') in 0.056862 seconds 
========================================================================
Received Import Request.
  Time since last request: 0.000035 seconds.
  path: Assets/Zololgo/PaperLands Winter Village/Models/rock_medium_01.dae
  artifactKey: Guid(73f69759cfddd5e4fa7c152c15e6300e) Importer(815301076,1909f56bfc062723c751e8b465ee728b)
Start importing Assets/Zololgo/PaperLands Winter Village/Models/rock_medium_01.dae using Guid(73f69759cfddd5e4fa7c152c15e6300e) Importer(815301076,1909f56bfc062723c751e8b465ee728b)  -> (artifact id: '4465131066334933782b209824231ce1') in 0.058971 seconds 
========================================================================
Received Import Request.
  Time since last request: 0.000034 seconds.
  path: Assets/Zololgo/PaperLands Winter Village/Models/streetlamp_01.dae
  artifactKey: Guid(25b0281b4b5170a41a80e9e602dba67f) Importer(815301076,1909f56bfc062723c751e8b465ee728b)
Start importing Assets/Zololgo/PaperLands Winter Village/Models/streetlamp_01.dae using Guid(25b0281b4b5170a41a80e9e602dba67f) Importer(815301076,1909f56bfc062723c751e8b465ee728b)  -> (artifact id: 'bf4b30613efcb0b229f59d8bc7f85e9d') in 0.080960 seconds 
========================================================================
Received Import Request.
  Time since last request: 0.000038 seconds.
  path: Assets/Zololgo/PaperLands Winter Village/Models/rock_small_02.dae
  artifactKey: Guid(96929ded02e560048a6f32c35e4feaad) Importer(815301076,1909f56bfc062723c751e8b465ee728b)
Start importing Assets/Zololgo/PaperLands Winter Village/Models/rock_small_02.dae using Guid(96929ded02e560048a6f32c35e4feaad) Importer(815301076,1909f56bfc062723c751e8b465ee728b)  -> (artifact id: '16ad53ecd7f8230f214183a632f90cb6') in 0.055371 seconds 
========================================================================
Received Import Request.
  Time since last request: 0.006442 seconds.
  path: Assets/Zololgo/PaperLands Winter Village/Models/Materials
  artifactKey: Guid(c5d63f5a8d87ef241ba4878ec9ccba8e) Importer(815301076,1909f56bfc062723c751e8b465ee728b)
Start importing Assets/Zololgo/PaperLands Winter Village/Models/Materials using Guid(c5d63f5a8d87ef241ba4878ec9ccba8e) Importer(815301076,1909f56bfc062723c751e8b465ee728b)  -> (artifact id: '0f397a4755ffa5c9d8e9b9654736ac40') in 0.004415 seconds 
========================================================================
Received Import Request.
  Time since last request: 0.038479 seconds.
  path: Assets/Zololgo/PaperLands Winter Village/Models/Materials/black.mat
  artifactKey: Guid(413698cb352aa4946bdf36753fc28e3e) Importer(815301076,1909f56bfc062723c751e8b465ee728b)
Start importing Assets/Zololgo/PaperLands Winter Village/Models/Materials/black.mat using Guid(413698cb352aa4946bdf36753fc28e3e) Importer(815301076,1909f56bfc062723c751e8b465ee728b)  -> (artifact id: 'ac66b9dac50f893052c7f5bc69f1038a') in 0.047871 seconds 
========================================================================
Received Import Request.
  Time since last request: 0.000034 seconds.
  path: Assets/Zololgo/PaperLands Winter Village/Models/Materials/house_roofing_01.mat
  artifactKey: Guid(ec83ac94fb055e341ae7ee906c260813) Importer(815301076,1909f56bfc062723c751e8b465ee728b)
Start importing Assets/Zololgo/PaperLands Winter Village/Models/Materials/house_roofing_01.mat using Guid(ec83ac94fb055e341ae7ee906c260813) Importer(815301076,1909f56bfc062723c751e8b465ee728b)  -> (artifact id: '1dd297a5de2ef842863e767476c1232d') in 0.034609 seconds 
========================================================================
Received Import Request.
  Time since last request: 0.000038 seconds.
  path: Assets/Zololgo/PaperLands Winter Village/Models/Materials/ground-snow.mat
  artifactKey: Guid(efa33517c323be146995634b980bec0a) Importer(815301076,1909f56bfc062723c751e8b465ee728b)
Start importing Assets/Zololgo/PaperLands Winter Village/Models/Materials/ground-snow.mat using Guid(efa33517c323be146995634b980bec0a) Importer(815301076,1909f56bfc062723c751e8b465ee728b)  -> (artifact id: '1bee9ba67708d52161a7aebded05694e') in 0.050287 seconds 
========================================================================
Received Import Request.
  Time since last request: 0.000035 seconds.
  path: Assets/Zololgo/PaperLands Winter Village/Models/Materials/pine-green2.mat
  artifactKey: Guid(343e25065fa827840a2a4dc27c4c0e82) Importer(815301076,1909f56bfc062723c751e8b465ee728b)
Start importing Assets/Zololgo/PaperLands Winter Village/Models/Materials/pine-green2.mat using Guid(343e25065fa827840a2a4dc27c4c0e82) Importer(815301076,1909f56bfc062723c751e8b465ee728b)  -> (artifact id: '6be15ae05b9ae01b471809d819478614') in 0.035804 seconds 
========================================================================
Received Import Request.
  Time since last request: 0.000040 seconds.
  path: Assets/Zololgo/PaperLands Winter Village/Models/Materials/pine-snow.mat
  artifactKey: Guid(8fd7626b85cff7a4d9639ff8adb5b8cb) Importer(815301076,1909f56bfc062723c751e8b465ee728b)
Start importing Assets/Zololgo/PaperLands Winter Village/Models/Materials/pine-snow.mat using Guid(8fd7626b85cff7a4d9639ff8adb5b8cb) Importer(815301076,1909f56bfc062723c751e8b465ee728b)  -> (artifact id: '65028430fdb2ae32de08fc5cd7092cbd') in 0.033230 seconds 
========================================================================
Received Import Request.
  Time since last request: 0.000047 seconds.
  path: Assets/Zololgo/PaperLands Winter Village/Models/Materials/window_01.mat
  artifactKey: Guid(a052be4280481de4cb896f2bdc1556a0) Importer(815301076,1909f56bfc062723c751e8b465ee728b)
Start importing Assets/Zololgo/PaperLands Winter Village/Models/Materials/window_01.mat using Guid(a052be4280481de4cb896f2bdc1556a0) Importer(815301076,1909f56bfc062723c751e8b465ee728b)  -> (artifact id: 'c37f3e31640dd050d306d1bf2febd3b4') in 0.044407 seconds 
========================================================================
Received Import Request.
  Time since last request: 0.000041 seconds.
  path: Assets/Zololgo/PaperLands Winter Village/Models/Materials/light_wood_01.mat
  artifactKey: Guid(aa43a18f609803f42878677767073393) Importer(815301076,1909f56bfc062723c751e8b465ee728b)
Start importing Assets/Zololgo/PaperLands Winter Village/Models/Materials/light_wood_01.mat using Guid(aa43a18f609803f42878677767073393) Importer(815301076,1909f56bfc062723c751e8b465ee728b)  -> (artifact id: 'f326b8aa49bdc32269dc2d3dc21f839b') in 0.036832 seconds 
